{
  "stats": {
    "suites": 11,
    "tests": 15,
    "passes": 15,
    "pending": 0,
    "failures": 0,
    "start": "2018-05-20T23:35:21.415Z",
    "end": "2018-05-20T23:38:49.318Z",
    "duration": 207903,
    "testsRegistered": 15,
    "passPercent": 100,
    "pendingPercent": 0,
    "other": 0,
    "hasOther": false,
    "skipped": 0,
    "hasSkipped": false,
    "passPercentClass": "success",
    "pendingPercentClass": "danger"
  },
  "suites": {
    "uuid": "59439c1d-27c6-4700-935d-60e4c28872f5",
    "title": "",
    "fullFile": "",
    "file": "",
    "beforeHooks": [],
    "afterHooks": [],
    "tests": [],
    "suites": [
      {
        "uuid": "f769c7b0-0157-45cb-95e3-a755c665c043",
        "title": "Report setup",
        "fullFile": "K:\\qa_sedmax\\configure_report_test.js",
        "file": "\\configure_report_test.js",
        "beforeHooks": [
          {
            "title": "\"before all\" hook: codeceptjs.beforeSuite",
            "fullTitle": "Report setup \"before all\" hook: codeceptjs.beforeSuite",
            "timedOut": false,
            "duration": 0,
            "pass": false,
            "fail": false,
            "pending": false,
            "code": "scenario.suiteSetup(suite)",
            "err": {},
            "isRoot": false,
            "uuid": "4f584d26-4cde-4dc1-b9b6-4c912b7b4e18",
            "isHook": true,
            "skipped": false
          },
          {
            "title": "\"before each\" hook: codeceptjs.before",
            "fullTitle": "Report setup \"before each\" hook: codeceptjs.before",
            "timedOut": false,
            "duration": 0,
            "pass": false,
            "fail": false,
            "pending": false,
            "code": "scenario.setup(suite)",
            "err": {},
            "isRoot": false,
            "uuid": "690ffbef-3179-46b5-bedd-c26fccbba1a6",
            "isHook": true,
            "skipped": false
          }
        ],
        "afterHooks": [],
        "tests": [],
        "suites": [],
        "passes": [],
        "failures": [],
        "pending": [],
        "skipped": [],
        "duration": 0,
        "root": false,
        "rootEmpty": false,
        "_timeout": 0
      },
      {
        "uuid": "8afa13b8-1525-41b9-a90d-0cdbe3549eaf",
        "title": "При выборе устройства из дерева, происходит ли отображение данных в левой таблице",
        "fullFile": "K:\\qa_sedmax\\configure_report_test.js",
        "file": "\\configure_report_test.js",
        "beforeHooks": [
          {
            "title": "\"before all\" hook: codeceptjs.beforeSuite",
            "fullTitle": "При выборе устройства из дерева, происходит ли отображение данных в левой таблице \"before all\" hook: codeceptjs.beforeSuite",
            "timedOut": false,
            "duration": 1,
            "pass": false,
            "fail": false,
            "pending": false,
            "code": "scenario.suiteSetup(suite)",
            "err": {},
            "isRoot": false,
            "uuid": "e869531f-0bbf-487e-915f-5a8d60419be9",
            "isHook": true,
            "skipped": false
          },
          {
            "title": "\"before each\" hook: codeceptjs.before",
            "fullTitle": "При выборе устройства из дерева, происходит ли отображение данных в левой таблице \"before each\" hook: codeceptjs.before",
            "timedOut": false,
            "duration": 965,
            "pass": false,
            "fail": false,
            "pending": false,
            "code": "scenario.setup(suite)",
            "err": {},
            "isRoot": false,
            "uuid": "373aa271-ed47-44e7-b905-a15e54bdafe3",
            "isHook": true,
            "skipped": false
          }
        ],
        "afterHooks": [],
        "tests": [
          {
            "title": "Выбор элементов в дереве",
            "fullTitle": "При выборе устройства из дерева, происходит ли отображение данных в левой таблице: Выбор элементов в дереве",
            "timedOut": false,
            "duration": 14665,
            "state": "passed",
            "speed": "slow",
            "pass": true,
            "fail": false,
            "pending": false,
            "code": "I.amOnPage('/users/user/login');\nI.fillField('#LoginForm_account', 'test');\nI.fillField('#LoginForm_password', 'test');\nI.click('.btn');\nI.seeElement('.sedmax-page-wrap');\nI.amOnPage('/sedmax/web/ui/reports/unfold/index');\nI.seeElement(\"//div[@class='actions']/div/a\");\nI.click(\"//*[@id='root']/div/div/div[1]/div[2]/div/a/button\");\nI.seeElement(\"//*[@id='root']/div/div/div[2]/form/div/div[1]/div[1]/div/input\");\nI.fillField(\"//*[@id='root']/div/div/div[2]/form/div/div[1]/div[1]/div/input\", \"testtest\");\nI.click(\"//li[@id='obj-12']/a[@id='obj-12_anchor']/i[1]\");\nI.seeElement(\"//div[@class='react-bs-container-body']/table/tbody/tr[2]\");",
            "err": {},
            "isRoot": false,
            "uuid": "4d3ae489-e909-4836-902e-e07bc553df13",
            "isHook": false,
            "skipped": false
          }
        ],
        "suites": [],
        "passes": [
          "4d3ae489-e909-4836-902e-e07bc553df13"
        ],
        "failures": [],
        "pending": [],
        "skipped": [],
        "duration": 14665,
        "root": false,
        "rootEmpty": false,
        "_timeout": 0
      },
      {
        "uuid": "bf329987-f21e-4c1f-a125-6e485be1ba47",
        "title": "Проверка выбора каналов по кнопке \"Выбрать все каналы\" (Доступные каналы) и появления их в таблице",
        "fullFile": "K:\\qa_sedmax\\configure_report_test.js",
        "file": "\\configure_report_test.js",
        "beforeHooks": [
          {
            "title": "\"before all\" hook: codeceptjs.beforeSuite",
            "fullTitle": "Проверка выбора каналов по кнопке \"Выбрать все каналы\" (Доступные каналы) и появления их в таблице \"before all\" hook: codeceptjs.beforeSuite",
            "timedOut": false,
            "duration": 0,
            "pass": false,
            "fail": false,
            "pending": false,
            "code": "scenario.suiteSetup(suite)",
            "err": {},
            "isRoot": false,
            "uuid": "da9c0708-aeb7-4bdc-894c-88c8170070a8",
            "isHook": true,
            "skipped": false
          },
          {
            "title": "\"before each\" hook: codeceptjs.before",
            "fullTitle": "Проверка выбора каналов по кнопке \"Выбрать все каналы\" (Доступные каналы) и появления их в таблице \"before each\" hook: codeceptjs.before",
            "timedOut": false,
            "duration": 775,
            "pass": false,
            "fail": false,
            "pending": false,
            "code": "scenario.setup(suite)",
            "err": {},
            "isRoot": false,
            "uuid": "b6f6ad70-1c6a-43e1-8829-987b6c06b354",
            "isHook": true,
            "skipped": false
          }
        ],
        "afterHooks": [],
        "tests": [
          {
            "title": "Выбор каналов по кнопке \"Выбрать все каналы\"",
            "fullTitle": "Проверка выбора каналов по кнопке \"Выбрать все каналы\" (Доступные каналы) и появления их в таблице: Выбор каналов по кнопке \"Выбрать все каналы\"",
            "timedOut": false,
            "duration": 15336,
            "state": "passed",
            "speed": "slow",
            "pass": true,
            "fail": false,
            "pending": false,
            "code": "I.amOnPage('/users/user/login');\nI.fillField('#LoginForm_account', 'test');\nI.fillField('#LoginForm_password', 'test');\nI.click('.btn');\nI.seeElement('.sedmax-page-wrap');\nI.amOnPage('/sedmax/web/ui/reports/unfold/index');\nI.seeElement(\"//div[@class='actions']/div/a\");\nI.click(\"//*[@id='root']/div/div/div[1]/div[2]/div/a/button\");\nI.seeElement(\"//*[@id='root']/div/div/div[2]/form/div/div[1]/div[1]/div/input\");\nI.fillField(\"//*[@id='root']/div/div/div[2]/form/div/div[1]/div[1]/div/input\", \"testtest\");\nI.click(\"//li[@id='obj-12']/a[@id='obj-12_anchor']/i[1]\");\nI.seeElement(\"//div[@class='react-bs-container-body']/table/tbody/tr[2]\");\n\tI.click('//div[@class=\"col-md-4\"]/div/div/button[@class=\"btn blue mr5\"]');\n\tconst attribut = await I.grabAttributeFrom('//div[@class=\"react-bs-container-body\"]/table/tbody/tr[2]', 'style');\nassert.equal(attribut, 'background-color: rgb(245, 245, 245);');",
            "err": {},
            "isRoot": false,
            "uuid": "9db593ac-0ca8-4332-8c36-8830671b2e5f",
            "isHook": false,
            "skipped": false
          }
        ],
        "suites": [],
        "passes": [
          "9db593ac-0ca8-4332-8c36-8830671b2e5f"
        ],
        "failures": [],
        "pending": [],
        "skipped": [],
        "duration": 15336,
        "root": false,
        "rootEmpty": false,
        "_timeout": 0
      },
      {
        "uuid": "f8764dd3-3156-41d7-8f68-d2ae544b3fa0",
        "title": "Проверка кнопки \"Переместить выбранные\" и появления в правой таблице",
        "fullFile": "K:\\qa_sedmax\\configure_report_test.js",
        "file": "\\configure_report_test.js",
        "beforeHooks": [
          {
            "title": "\"before all\" hook: codeceptjs.beforeSuite",
            "fullTitle": "Проверка кнопки \"Переместить выбранные\" и появления в правой таблице \"before all\" hook: codeceptjs.beforeSuite",
            "timedOut": false,
            "duration": 0,
            "pass": false,
            "fail": false,
            "pending": false,
            "code": "scenario.suiteSetup(suite)",
            "err": {},
            "isRoot": false,
            "uuid": "00166b46-e060-480b-a726-24306ce6c4c8",
            "isHook": true,
            "skipped": false
          },
          {
            "title": "\"before each\" hook: codeceptjs.before",
            "fullTitle": "Проверка кнопки \"Переместить выбранные\" и появления в правой таблице \"before each\" hook: codeceptjs.before",
            "timedOut": false,
            "duration": 684,
            "pass": false,
            "fail": false,
            "pending": false,
            "code": "scenario.setup(suite)",
            "err": {},
            "isRoot": false,
            "uuid": "f3aed5f7-a733-4bb6-bddd-70da0bf3fa43",
            "isHook": true,
            "skipped": false
          }
        ],
        "afterHooks": [],
        "tests": [
          {
            "title": "Перемещение каналов в \"Выбранные\"",
            "fullTitle": "Проверка кнопки \"Переместить выбранные\" и появления в правой таблице: Перемещение каналов в \"Выбранные\"",
            "timedOut": false,
            "duration": 15466,
            "state": "passed",
            "speed": "slow",
            "pass": true,
            "fail": false,
            "pending": false,
            "code": "I.amOnPage('/users/user/login');\nI.fillField('#LoginForm_account', 'test');\nI.fillField('#LoginForm_password', 'test');\nI.click('.btn');\nI.seeElement('.sedmax-page-wrap');\nI.amOnPage('/sedmax/web/ui/reports/unfold/index');\nI.seeElement(\"//div[@class='actions']/div/a\");\nI.click(\"//*[@id='root']/div/div/div[1]/div[2]/div/a/button\");\nI.seeElement(\"//*[@id='root']/div/div/div[2]/form/div/div[1]/div[1]/div/input\");\nI.fillField(\"//*[@id='root']/div/div/div[2]/form/div/div[1]/div[1]/div/input\", \"testtest\");\nI.click(\"//li[@id='obj-12']/a[@id='obj-12_anchor']/i[1]\");\nI.seeElement(\"//div[@class='react-bs-container-body']/table/tbody/tr[2]\");\n\tI.click('//div[@class=\"col-md-4\"]/div/div/button[@class=\"btn blue mr5\"]');\n\tconst attribut = await I.grabAttributeFrom('//div[@class=\"react-bs-container-body\"]/table/tbody/tr[2]', 'style');\n\tassert.equal(attribut, 'background-color: rgb(245, 245, 245);');\nI.click('//div[@class=\"col-md-4\"]/div/div/button[@class=\"btn green\"]');\nI.seeElement(\"//div[@class='react-bs-table-container']/div[@class='react-bs-table react-bs-table-bordered']/div[@class='react-bs-container-body']/table[@class='table table-bordered table-hover table-condensed']/tbody/tr[2]\");",
            "err": {},
            "isRoot": false,
            "uuid": "f82c9822-71c4-48c1-89f4-03bd6da676e0",
            "isHook": false,
            "skipped": false
          }
        ],
        "suites": [],
        "passes": [
          "f82c9822-71c4-48c1-89f4-03bd6da676e0"
        ],
        "failures": [],
        "pending": [],
        "skipped": [],
        "duration": 15466,
        "root": false,
        "rootEmpty": false,
        "_timeout": 0
      },
      {
        "uuid": "83e829a4-2c71-4f9a-9cce-c88ab9407035",
        "title": "Проверка кнопки \"Удалить выбранное\" при нажатии кнопки \"Выбрать все каналы\"",
        "fullFile": "K:\\qa_sedmax\\configure_report_test.js",
        "file": "\\configure_report_test.js",
        "beforeHooks": [
          {
            "title": "\"before all\" hook: codeceptjs.beforeSuite",
            "fullTitle": "Проверка кнопки \"Удалить выбранное\" при нажатии кнопки \"Выбрать все каналы\" \"before all\" hook: codeceptjs.beforeSuite",
            "timedOut": false,
            "duration": 0,
            "pass": false,
            "fail": false,
            "pending": false,
            "code": "scenario.suiteSetup(suite)",
            "err": {},
            "isRoot": false,
            "uuid": "f56dedcc-1be7-4f5b-92ae-2dfd1e67c439",
            "isHook": true,
            "skipped": false
          },
          {
            "title": "\"before each\" hook: codeceptjs.before",
            "fullTitle": "Проверка кнопки \"Удалить выбранное\" при нажатии кнопки \"Выбрать все каналы\" \"before each\" hook: codeceptjs.before",
            "timedOut": false,
            "duration": 713,
            "pass": false,
            "fail": false,
            "pending": false,
            "code": "scenario.setup(suite)",
            "err": {},
            "isRoot": false,
            "uuid": "c62274c0-e1b4-4981-a3de-9bdbb4f092ae",
            "isHook": true,
            "skipped": false
          }
        ],
        "afterHooks": [],
        "tests": [
          {
            "title": "Проверка кнопки \"Удалить выбранное\" при нажатии кнопки \"Выбрать все каналы\"",
            "fullTitle": "Проверка кнопки \"Удалить выбранное\" при нажатии кнопки \"Выбрать все каналы\": Проверка кнопки \"Удалить выбранное\" при нажатии кнопки \"Выбрать все каналы\"",
            "timedOut": false,
            "duration": 16682,
            "state": "passed",
            "speed": "slow",
            "pass": true,
            "fail": false,
            "pending": false,
            "code": "I.amOnPage('/users/user/login');\nI.fillField('#LoginForm_account', 'test');\nI.fillField('#LoginForm_password', 'test');\nI.click('.btn');\nI.seeElement('.sedmax-page-wrap');\nI.amOnPage('/sedmax/web/ui/reports/unfold/index');\nI.seeElement(\"//div[@class='actions']/div/a\");\nI.click(\"//*[@id='root']/div/div/div[1]/div[2]/div/a/button\");\nI.seeElement(\"//*[@id='root']/div/div/div[2]/form/div/div[1]/div[1]/div/input\");\nI.fillField(\"//*[@id='root']/div/div/div[2]/form/div/div[1]/div[1]/div/input\", \"testtest\");\nI.click(\"//li[@id='obj-12']/a[@id='obj-12_anchor']/i[1]\");\nI.seeElement(\"//div[@class='react-bs-container-body']/table/tbody/tr[2]\");\n\tI.click('//div[@class=\"col-md-4\"]/div/div/button[@class=\"btn blue mr5\"]');\nconst attribut = await I.grabAttributeFrom('//div[@class=\"react-bs-container-body\"]/table/tbody/tr[2]', 'style');\nassert.equal(attribut, 'background-color: rgb(245, 245, 245);') \nI.click('//div[@class=\"col-md-4\"]/div/div/button[@class=\"btn green\"]');\nI.seeElement(\"//div[@class='react-bs-table-container']/div[@class='react-bs-table react-bs-table-bordered']/div[@class='react-bs-container-body']/table[@class='table table-bordered table-hover table-condensed']/tbody/tr[2]\");\nI.click('//div[@class=\"col-md-6\"]/div/div/button[@class=\"btn blue mr5\"]')\n\tconst attribut2 = await I.grabAttributeFrom('//div[@class=\"react-bs-table-container\"]/div[@class=\"react-bs-table react-bs-table-bordered\"]/div[@class=\"react-bs-container-body\"]/table[@class=\"table table-bordered table-hover table-condensed\"]/tbody/tr[2]', 'style'); \nI.click('//div[@class=\"col-md-6\"]/div/div/button[@class=\"btn red\"]');\nI.seeElement(\"//div[@class='react-bs-table-container']/div[@class='react-bs-table react-bs-table-bordered']/div[@class='react-bs-container-body']/table[@class='table table-bordered table-hover table-condensed']/tbody/tr[1]\");",
            "err": {},
            "isRoot": false,
            "uuid": "79fbdeae-910e-40b5-947d-0bf5d3c324eb",
            "isHook": false,
            "skipped": false
          }
        ],
        "suites": [],
        "passes": [
          "79fbdeae-910e-40b5-947d-0bf5d3c324eb"
        ],
        "failures": [],
        "pending": [],
        "skipped": [],
        "duration": 16682,
        "root": false,
        "rootEmpty": false,
        "_timeout": 0
      },
      {
        "uuid": "7e94e932-69c3-45b6-b6cf-77dfce21e106",
        "title": "Проверка кнопки \"Удалить выбранное\" при нажатии кнопки \"Выбрать все каналы\"",
        "fullFile": "K:\\qa_sedmax\\configure_report_test.js",
        "file": "\\configure_report_test.js",
        "beforeHooks": [
          {
            "title": "\"before all\" hook: codeceptjs.beforeSuite",
            "fullTitle": "Проверка кнопки \"Удалить выбранное\" при нажатии кнопки \"Выбрать все каналы\" \"before all\" hook: codeceptjs.beforeSuite",
            "timedOut": false,
            "duration": 1,
            "pass": false,
            "fail": false,
            "pending": false,
            "code": "scenario.suiteSetup(suite)",
            "err": {},
            "isRoot": false,
            "uuid": "f0a355ae-7c0c-4dbb-bf7f-321393d5a7b8",
            "isHook": true,
            "skipped": false
          },
          {
            "title": "\"before each\" hook: codeceptjs.before",
            "fullTitle": "Проверка кнопки \"Удалить выбранное\" при нажатии кнопки \"Выбрать все каналы\" \"before each\" hook: codeceptjs.before",
            "timedOut": false,
            "duration": 672,
            "pass": false,
            "fail": false,
            "pending": false,
            "code": "scenario.setup(suite)",
            "err": {},
            "isRoot": false,
            "uuid": "f5ed9f53-ba11-481e-9e23-cbd52801c804",
            "isHook": true,
            "skipped": false
          }
        ],
        "afterHooks": [],
        "tests": [
          {
            "title": "Проверка кнопки \"Удалить выбранное\"",
            "fullTitle": "Проверка кнопки \"Удалить выбранное\" при нажатии кнопки \"Выбрать все каналы\": Проверка кнопки \"Удалить выбранное\"",
            "timedOut": false,
            "duration": 19168,
            "state": "passed",
            "speed": "slow",
            "pass": true,
            "fail": false,
            "pending": false,
            "code": "I.amOnPage('/users/user/login');\nI.fillField('#LoginForm_account', 'test');\nI.fillField('#LoginForm_password', 'test');\nI.click('.btn');\nI.seeElement('.sedmax-page-wrap');\nI.amOnPage('/sedmax/web/ui/reports/unfold/index');\nI.seeElement(\"//div[@class='actions']/div/a\");\nI.click(\"//*[@id='root']/div/div/div[1]/div[2]/div/a/button\");\nI.seeElement(\"//*[@id='root']/div/div/div[2]/form/div/div[1]/div[1]/div/input\");\nI.fillField(\"//*[@id='root']/div/div/div[2]/form/div/div[1]/div[1]/div/input\", \"testtest\");\nI.click(\"//li[@id='obj-12']/a[@id='obj-12_anchor']/i[1]\");\nI.seeElement(\"//div[@class='react-bs-container-body']/table/tbody/tr[2]\");\n\tI.click('//div[@class=\"col-md-4\"]/div/div/button[@class=\"btn blue mr5\"]');\nconst attribut = await I.grabAttributeFrom('//div[@class=\"react-bs-container-body\"]/table/tbody/tr[2]', 'style');\nassert.equal(attribut, 'background-color: rgb(245, 245, 245);') \nI.click('//div[@class=\"col-md-4\"]/div/div/button[@class=\"btn green\"]');\nI.seeElement(\"//div[@class='react-bs-table-container']/div[@class='react-bs-table react-bs-table-bordered']/div[@class='react-bs-container-body']/table[@class='table table-bordered table-hover table-condensed']/tbody/tr[2]\");\n\tconst attribut2 = await I.grabAttributeFrom('//div[@class=\"react-bs-table-container\"]/div[@class=\"react-bs-table react-bs-table-bordered\"]/div[@class=\"react-bs-container-body\"]/table[@class=\"table table-bordered table-hover table-condensed\"]/tbody/tr[2]', 'style');\nI.click('//div[@class=\"col-md-6\"]/div/div/button[@class=\"btn red\"]');\nI.seeElement(\"//div[@class='react-bs-table-container']/div[@class='react-bs-table react-bs-table-bordered']/div[@class='react-bs-container-body']/table[@class='table table-bordered table-hover table-condensed']/tbody/tr[2]\");",
            "err": {},
            "isRoot": false,
            "uuid": "b2237d83-3191-4e53-bfe4-6194adb88fdb",
            "isHook": false,
            "skipped": false
          }
        ],
        "suites": [],
        "passes": [
          "b2237d83-3191-4e53-bfe4-6194adb88fdb"
        ],
        "failures": [],
        "pending": [],
        "skipped": [],
        "duration": 19168,
        "root": false,
        "rootEmpty": false,
        "_timeout": 0
      },
      {
        "uuid": "651aa92e-ade5-45ac-a11e-abaa6f2dce3a",
        "title": "Проверка страницы Порядка каналов (при нажатии кнопки Порядок каналов на странице ): Проверка наличия элементов",
        "fullFile": "K:\\qa_sedmax\\configure_report_test.js",
        "file": "\\configure_report_test.js",
        "beforeHooks": [
          {
            "title": "\"before all\" hook: codeceptjs.beforeSuite",
            "fullTitle": "Проверка страницы Порядка каналов (при нажатии кнопки Порядок каналов на странице ): Проверка наличия элементов \"before all\" hook: codeceptjs.beforeSuite",
            "timedOut": false,
            "duration": 0,
            "pass": false,
            "fail": false,
            "pending": false,
            "code": "scenario.suiteSetup(suite)",
            "err": {},
            "isRoot": false,
            "uuid": "ce5a5bbf-3f9f-43e4-9624-49188a2000e6",
            "isHook": true,
            "skipped": false
          },
          {
            "title": "\"before each\" hook: codeceptjs.before",
            "fullTitle": "Проверка страницы Порядка каналов (при нажатии кнопки Порядок каналов на странице ): Проверка наличия элементов \"before each\" hook: codeceptjs.before",
            "timedOut": false,
            "duration": 684,
            "pass": false,
            "fail": false,
            "pending": false,
            "code": "scenario.setup(suite)",
            "err": {},
            "isRoot": false,
            "uuid": "13108fad-dd6d-4463-b95e-862d95a54c51",
            "isHook": true,
            "skipped": false
          }
        ],
        "afterHooks": [
          {
            "title": "\"after all\" hook: codeceptjs.afterSuite",
            "fullTitle": "Проверка страницы Порядка каналов (при нажатии кнопки Порядок каналов на странице ): Проверка наличия элементов \"after all\" hook: codeceptjs.afterSuite",
            "timedOut": false,
            "duration": 0,
            "pass": false,
            "fail": false,
            "pending": false,
            "code": "scenario.suiteTeardown(suite)",
            "err": {},
            "isRoot": false,
            "uuid": "f876609d-5796-4dc6-9dc6-c30859d4634c",
            "isHook": true,
            "skipped": false
          },
          {
            "title": "\"after each\" hook: finalize codeceptjs",
            "fullTitle": "Проверка страницы Порядка каналов (при нажатии кнопки Порядок каналов на странице ): Проверка наличия элементов \"after each\" hook: finalize codeceptjs",
            "timedOut": false,
            "duration": 205,
            "pass": false,
            "fail": false,
            "pending": false,
            "code": "scenario.teardown(suite)",
            "err": {},
            "isRoot": false,
            "uuid": "3daa7f60-c56d-4989-bff0-089c4293600a",
            "isHook": true,
            "skipped": false
          }
        ],
        "tests": [
          {
            "title": "Проверка наличия элементов на странице \"Порядка каналов\"",
            "fullTitle": "Проверка страницы Порядка каналов (при нажатии кнопки Порядок каналов на странице ): Проверка наличия элементов: Проверка наличия элементов на странице \"Порядка каналов\"",
            "timedOut": false,
            "duration": 18107,
            "state": "passed",
            "speed": "slow",
            "pass": true,
            "fail": false,
            "pending": false,
            "code": "I.amOnPage('/users/user/login');\nI.fillField('#LoginForm_account', 'test');\nI.fillField('#LoginForm_password', 'test');\nI.click('.btn');\nI.seeElement('.sedmax-page-wrap');\nI.amOnPage('/sedmax/web/ui/reports/unfold/index');\nI.seeElement(\"//div[@class='actions']/div/a\");\nI.click(\"//div[@class='actions']/div/a\");\nI.seeElement(\"//div[@class='form-body']/div[@class='row']/div[@class='col-md-2']/div[@class='form-group']/input[@class='form-control']\");\nI.click(\"//li[@id='obj-12']/a[@id='obj-12_anchor']/i[1]\");\nI.seeElement(\"//div[@class='react-bs-container-body']/table/tbody/tr[2]\");\nI.click('//div[@class=\"col-md-4\"]/div/div/button[@class=\"btn blue mr5\"]');\nconst attribut = await I.grabAttributeFrom('//div[@class=\"react-bs-container-body\"]/table/tbody/tr[2]', 'style');\nassert.equal(attribut, 'background-color: rgb(245, 245, 245);');\nI.click('//div[@class=\"col-md-4\"]/div/div/button[@class=\"btn green\"]');\n\tI.click('//div[@class=\"form-body\"]/div[@class=\"options\"]/div/input[@type=\"checkbox\"]');\nI.seeElement(\"//div[@class='react-bs-table-container']/div[@class='react-bs-table react-bs-table-bordered']/div[@class='react-bs-container-body']/table[@class='table table-bordered table-hover table-condensed']/tbody/tr[2]\");\nI.click('//div[@class=\"form-actions fluid\"]/div[@class=\"row\"]/div[@class=\"col-md-6\"]/div[@class=\"col-md-offset-3 col-md-9\"]/button[@class=\"btn blue\"]');\nI.seeInCurrentUrl('/sedmax/web/ui/reports/unfold/new');\nI.click('//div[@class=\"form-body\"]/div/div/button[@class=\"btn blue mr5\"]');\n\tI.click('//div[@class=\"form-body\"]/div/div/button[@class=\"btn green\"]');\n\tI.click('//div[@class=\"form-actions fluid\"]/div[@class=\"row\"]/div[@class=\"col-md-6\"]/div[@class=\"col-md-offset-3 col-md-9\"]/button[@class=\"btn blue\"]');\n\tI.click('//div[@class=\"form-actions fluid\"]/div[@class=\"row\"]/div[@class=\"col-md-6\"]/div[@class=\"col-md-offset-3 col-md-9\"]/a/button[@class=\"btn default\"]');",
            "err": {},
            "isRoot": false,
            "uuid": "efb8ccc1-9143-4d38-af70-851e2e675a46",
            "isHook": false,
            "skipped": false
          }
        ],
        "suites": [],
        "passes": [
          "efb8ccc1-9143-4d38-af70-851e2e675a46"
        ],
        "failures": [],
        "pending": [],
        "skipped": [],
        "duration": 18107,
        "root": false,
        "rootEmpty": false,
        "_timeout": 0
      },
      {
        "uuid": "89236937-62be-4fe7-b0bb-0f7bff5de8c4",
        "title": "Кнопка удалить выбранное",
        "fullFile": "K:\\qa_sedmax\\energy_reports_test.js",
        "file": "\\energy_reports_test.js",
        "beforeHooks": [
          {
            "title": "\"before all\" hook: codeceptjs.beforeSuite",
            "fullTitle": "Кнопка удалить выбранное \"before all\" hook: codeceptjs.beforeSuite",
            "timedOut": false,
            "duration": 0,
            "pass": false,
            "fail": false,
            "pending": false,
            "code": "scenario.suiteSetup(suite)",
            "err": {},
            "isRoot": false,
            "uuid": "59bd859c-bc82-4fc0-95c4-b42978a4e578",
            "isHook": true,
            "skipped": false
          },
          {
            "title": "\"before each\" hook: codeceptjs.before",
            "fullTitle": "Кнопка удалить выбранное \"before each\" hook: codeceptjs.before",
            "timedOut": false,
            "duration": 665,
            "pass": false,
            "fail": false,
            "pending": false,
            "code": "scenario.setup(suite)",
            "err": {},
            "isRoot": false,
            "uuid": "29cad978-deef-46b1-a547-6c77250e9893",
            "isHook": true,
            "skipped": false
          }
        ],
        "afterHooks": [],
        "tests": [
          {
            "title": "Тест кнопки удалить",
            "fullTitle": "Кнопка удалить выбранное: Тест кнопки удалить",
            "timedOut": false,
            "duration": 13186,
            "state": "passed",
            "speed": "slow",
            "pass": true,
            "fail": false,
            "pending": false,
            "code": "I.amOnPage('/users/user/login');\nI.fillField('#LoginForm_account', 'test');\nI.fillField('#LoginForm_password', 'test');\nI.click('.btn');\nI.amOnPage('/sedmax/web/ui/reports/unfold/index');\nI.seeElement(\"//div[@class='actions']/div/a\");\nI.click(\"//button[@class='btn red-corp']\");\nI.seeElement(\"//div[@class='modal-dialog ']/div\");",
            "err": {},
            "isRoot": false,
            "uuid": "d52ae815-a3c6-4178-83c5-bce14630c5f2",
            "isHook": false,
            "skipped": false
          }
        ],
        "suites": [],
        "passes": [
          "d52ae815-a3c6-4178-83c5-bce14630c5f2"
        ],
        "failures": [],
        "pending": [],
        "skipped": [],
        "duration": 13186,
        "root": false,
        "rootEmpty": false,
        "_timeout": 0
      },
      {
        "uuid": "da4c2e72-d2cc-42b6-a844-ab012fcbae1b",
        "title": "Проверка отображения наименования созданных отчетов",
        "fullFile": "K:\\qa_sedmax\\energy_reports_test.js",
        "file": "\\energy_reports_test.js",
        "beforeHooks": [
          {
            "title": "\"before all\" hook: codeceptjs.beforeSuite",
            "fullTitle": "Проверка отображения наименования созданных отчетов \"before all\" hook: codeceptjs.beforeSuite",
            "timedOut": false,
            "duration": 0,
            "pass": false,
            "fail": false,
            "pending": false,
            "code": "scenario.suiteSetup(suite)",
            "err": {},
            "isRoot": false,
            "uuid": "40badceb-6adc-4a4f-b334-324dfec170a7",
            "isHook": true,
            "skipped": false
          },
          {
            "title": "\"before each\" hook: codeceptjs.before",
            "fullTitle": "Проверка отображения наименования созданных отчетов \"before each\" hook: codeceptjs.before",
            "timedOut": false,
            "duration": 949,
            "pass": false,
            "fail": false,
            "pending": false,
            "code": "scenario.setup(suite)",
            "err": {},
            "isRoot": false,
            "uuid": "9ec1fa64-dadb-4c64-b360-a3a7e45d106e",
            "isHook": true,
            "skipped": false
          }
        ],
        "afterHooks": [],
        "tests": [
          {
            "title": "Проверка наименования",
            "fullTitle": "Проверка отображения наименования созданных отчетов: Проверка наименования",
            "timedOut": false,
            "duration": 14726,
            "state": "passed",
            "speed": "slow",
            "pass": true,
            "fail": false,
            "pending": false,
            "code": "I.amOnPage('/users/user/login');\nI.fillField('#LoginForm_account', 'test');\nI.fillField('#LoginForm_password', 'test');\nI.click('.btn');\nI.seeElement('.sedmax-page-wrap');\nI.amOnPage('/sedmax/web/ui/reports/unfold/index');\nI.seeElement('.react-bs-table-container');",
            "err": {},
            "isRoot": false,
            "uuid": "12ca532d-1528-458a-8ceb-c4edd5240cb7",
            "isHook": false,
            "skipped": false
          },
          {
            "title": "Тест кнопки копировать",
            "fullTitle": "Проверка отображения наименования созданных отчетов: Тест кнопки копировать",
            "timedOut": false,
            "duration": 13515,
            "state": "passed",
            "speed": "slow",
            "pass": true,
            "fail": false,
            "pending": false,
            "code": "I.amOnPage('/users/user/login');\nI.fillField('#LoginForm_account', 'test');\nI.fillField('#LoginForm_password', 'test');\nI.click('.btn');\nI.amOnPage('/sedmax/web/ui/reports/unfold/index');\nI.seeElement(\"//div[@class='actions']/div/a\");\nI.click(\"//button[@class='btn orange']\");\nI.seeElement(\"//div[@class='modal-dialog ']/div\");",
            "err": {},
            "isRoot": false,
            "uuid": "b6907ac8-50be-4a43-b7b7-7b512b77d18c",
            "isHook": false,
            "skipped": false
          }
        ],
        "suites": [],
        "passes": [
          "12ca532d-1528-458a-8ceb-c4edd5240cb7",
          "b6907ac8-50be-4a43-b7b7-7b512b77d18c"
        ],
        "failures": [],
        "pending": [],
        "skipped": [],
        "duration": 28241,
        "root": false,
        "rootEmpty": false,
        "_timeout": 0
      },
      {
        "uuid": "9c659d4e-772d-4199-bd6f-709a705d7048",
        "title": "Клик по отчетам",
        "fullFile": "K:\\qa_sedmax\\energy_reports_test.js",
        "file": "\\energy_reports_test.js",
        "beforeHooks": [
          {
            "title": "\"before all\" hook: codeceptjs.beforeSuite",
            "fullTitle": "Клик по отчетам \"before all\" hook: codeceptjs.beforeSuite",
            "timedOut": false,
            "duration": 0,
            "pass": false,
            "fail": false,
            "pending": false,
            "code": "scenario.suiteSetup(suite)",
            "err": {},
            "isRoot": false,
            "uuid": "ebeabf79-27fa-46de-899b-c30c0989eeaa",
            "isHook": true,
            "skipped": false
          },
          {
            "title": "\"before each\" hook: codeceptjs.before",
            "fullTitle": "Клик по отчетам \"before each\" hook: codeceptjs.before",
            "timedOut": false,
            "duration": 733,
            "pass": false,
            "fail": false,
            "pending": false,
            "code": "scenario.setup(suite)",
            "err": {},
            "isRoot": false,
            "uuid": "3ceedd82-e624-4c8e-a1f6-9790795671ab",
            "isHook": true,
            "skipped": false
          }
        ],
        "afterHooks": [
          {
            "title": "\"after all\" hook: codeceptjs.afterSuite",
            "fullTitle": "Клик по отчетам \"after all\" hook: codeceptjs.afterSuite",
            "timedOut": false,
            "duration": 0,
            "pass": false,
            "fail": false,
            "pending": false,
            "code": "scenario.suiteTeardown(suite)",
            "err": {},
            "isRoot": false,
            "uuid": "9462a396-35a7-47a6-bd8f-6321a9719981",
            "isHook": true,
            "skipped": false
          },
          {
            "title": "\"after each\" hook: finalize codeceptjs",
            "fullTitle": "Клик по отчетам \"after each\" hook: finalize codeceptjs",
            "timedOut": false,
            "duration": 816,
            "pass": false,
            "fail": false,
            "pending": false,
            "code": "scenario.teardown(suite)",
            "err": {},
            "isRoot": false,
            "uuid": "f1f5c470-b025-4f4e-a193-9314370a0f36",
            "isHook": true,
            "skipped": false
          }
        ],
        "tests": [
          {
            "title": "Тест формы",
            "fullTitle": "Клик по отчетам: Тест формы",
            "timedOut": false,
            "duration": 15429,
            "state": "passed",
            "speed": "slow",
            "pass": true,
            "fail": false,
            "pending": false,
            "code": "I.amOnPage('/users/user/login');\nI.fillField('#LoginForm_account', 'test');\nI.fillField('#LoginForm_password', 'test');\nI.click('.btn');\nI.amOnPage('/sedmax/web/ui/reports/unfold/index');\nI.seeElement('//table[@class=\"table table-striped table-bordered table-hover\"]/tbody/tr[1]/td[3]/div/a');\nI.click('//table[@class=\"table table-striped table-bordered table-hover\"]/tbody/tr[1]/td[3]/div/a');\nI.fillField('//div[@class=\"modal-dialog\"]');\nI.seeElement('//div[@class=\"modal-dialog \"]/div[@class=\"modal-content\"]/div[@class=\"modal-footer\"]/button[@class=\"btn blue\"]');",
            "err": {},
            "isRoot": false,
            "uuid": "fd6f6f78-6ca1-42f6-adff-392a22109e8a",
            "isHook": false,
            "skipped": false
          }
        ],
        "suites": [],
        "passes": [
          "fd6f6f78-6ca1-42f6-adff-392a22109e8a"
        ],
        "failures": [],
        "pending": [],
        "skipped": [],
        "duration": 15429,
        "root": false,
        "rootEmpty": false,
        "_timeout": 0
      },
      {
        "uuid": "cfae3b1a-1e41-4b9b-b3b7-68d3d2fd509e",
        "title": "Проверка получения jwt",
        "fullFile": "K:\\qa_sedmax\\jwt_test.js",
        "file": "\\jwt_test.js",
        "beforeHooks": [
          {
            "title": "\"before all\" hook: codeceptjs.beforeSuite",
            "fullTitle": "Проверка получения jwt \"before all\" hook: codeceptjs.beforeSuite",
            "timedOut": false,
            "duration": 0,
            "pass": false,
            "fail": false,
            "pending": false,
            "code": "scenario.suiteSetup(suite)",
            "err": {},
            "isRoot": false,
            "uuid": "c22888aa-dc68-41e6-8289-dc0c12205aee",
            "isHook": true,
            "skipped": false
          },
          {
            "title": "\"before each\" hook: codeceptjs.before",
            "fullTitle": "Проверка получения jwt \"before each\" hook: codeceptjs.before",
            "timedOut": false,
            "duration": 1464,
            "pass": false,
            "fail": false,
            "pending": false,
            "code": "scenario.setup(suite)",
            "err": {},
            "isRoot": false,
            "uuid": "1492943e-80e1-414e-aaf3-2877f8fbd757",
            "isHook": true,
            "skipped": false
          }
        ],
        "afterHooks": [
          {
            "title": "\"after all\" hook: codeceptjs.afterSuite",
            "fullTitle": "Проверка получения jwt \"after all\" hook: codeceptjs.afterSuite",
            "timedOut": false,
            "duration": 0,
            "pass": false,
            "fail": false,
            "pending": false,
            "code": "scenario.suiteTeardown(suite)",
            "err": {},
            "isRoot": false,
            "uuid": "d61502a1-112d-4189-9efa-8088184536cd",
            "isHook": true,
            "skipped": false
          },
          {
            "title": "\"after each\" hook: finalize codeceptjs",
            "fullTitle": "Проверка получения jwt \"after each\" hook: finalize codeceptjs",
            "timedOut": false,
            "duration": 125,
            "pass": false,
            "fail": false,
            "pending": false,
            "code": "scenario.teardown(suite)",
            "err": {},
            "isRoot": false,
            "uuid": "24103726-96a2-44fa-b86c-667ede3edbe1",
            "isHook": true,
            "skipped": false
          }
        ],
        "tests": [
          {
            "title": "Получение jwt зарегестрированным пользователем",
            "fullTitle": "Проверка получения jwt: Получение jwt зарегестрированным пользователем",
            "timedOut": false,
            "duration": 8385,
            "state": "passed",
            "speed": "slow",
            "pass": true,
            "fail": false,
            "pending": false,
            "code": "I.amOnPage('/users/user/login');\nI.fillField('#LoginForm_account', 'test');\nI.fillField('#LoginForm_password', 'test');\nI.click('.btn');\nI.seeElement('.sedmax-page-wrap');\nI.seeCookie('jwt');",
            "err": {},
            "isRoot": false,
            "uuid": "445e0c03-90a7-437c-8eb5-c150791de732",
            "isHook": false,
            "skipped": false
          },
          {
            "title": "Получение jwt не зарегестрированным пользователем",
            "fullTitle": "Проверка получения jwt: Получение jwt не зарегестрированным пользователем",
            "timedOut": false,
            "duration": 6862,
            "state": "passed",
            "speed": "slow",
            "pass": true,
            "fail": false,
            "pending": false,
            "code": "I.amOnPage('/users/user/login');\nI.fillField('#LoginForm_account', 'test');\nI.fillField('#LoginForm_password', 'test1');\nI.click('.btn');\nI.seeElement('.error');\nI.dontSeeCookie('jwt');",
            "err": {},
            "isRoot": false,
            "uuid": "b364d81e-a775-41d8-a7a2-e762f7de9917",
            "isHook": false,
            "skipped": false
          }
        ],
        "suites": [],
        "passes": [
          "445e0c03-90a7-437c-8eb5-c150791de732",
          "b364d81e-a775-41d8-a7a2-e762f7de9917"
        ],
        "failures": [],
        "pending": [],
        "skipped": [],
        "duration": 15247,
        "root": false,
        "rootEmpty": false,
        "_timeout": 0
      },
      {
        "uuid": "0095dc7e-aa81-4dfb-8ddb-bbae1aa7e728",
        "title": "Авторизация в системе",
        "fullFile": "K:\\qa_sedmax\\login_test.js",
        "file": "\\login_test.js",
        "beforeHooks": [
          {
            "title": "\"before all\" hook: codeceptjs.beforeSuite",
            "fullTitle": "Авторизация в системе \"before all\" hook: codeceptjs.beforeSuite",
            "timedOut": false,
            "duration": 0,
            "pass": false,
            "fail": false,
            "pending": false,
            "code": "scenario.suiteSetup(suite)",
            "err": {},
            "isRoot": false,
            "uuid": "86fd2132-0d87-4b9d-b62c-b03d900741cd",
            "isHook": true,
            "skipped": false
          },
          {
            "title": "\"before each\" hook: codeceptjs.before",
            "fullTitle": "Авторизация в системе \"before each\" hook: codeceptjs.before",
            "timedOut": false,
            "duration": 842,
            "pass": false,
            "fail": false,
            "pending": false,
            "code": "scenario.setup(suite)",
            "err": {},
            "isRoot": false,
            "uuid": "ca75298f-74e7-46e8-9141-096f6fa1e22f",
            "isHook": true,
            "skipped": false
          }
        ],
        "afterHooks": [
          {
            "title": "\"after all\" hook: codeceptjs.afterSuite",
            "fullTitle": "Авторизация в системе \"after all\" hook: codeceptjs.afterSuite",
            "timedOut": false,
            "duration": 0,
            "pass": false,
            "fail": false,
            "pending": false,
            "code": "scenario.suiteTeardown(suite)",
            "err": {},
            "isRoot": false,
            "uuid": "a2858068-4473-4fb3-a05b-91f25a563b5a",
            "isHook": true,
            "skipped": false
          },
          {
            "title": "\"after each\" hook: finalize codeceptjs",
            "fullTitle": "Авторизация в системе \"after each\" hook: finalize codeceptjs",
            "timedOut": false,
            "duration": 157,
            "pass": false,
            "fail": false,
            "pending": false,
            "code": "scenario.teardown(suite)",
            "err": {},
            "isRoot": false,
            "uuid": "26de6392-8248-426b-b262-dc690d8eceb8",
            "isHook": true,
            "skipped": false
          }
        ],
        "tests": [
          {
            "title": "Успешная авторизация",
            "fullTitle": "Авторизация в системе: Успешная авторизация",
            "timedOut": false,
            "duration": 8298,
            "state": "passed",
            "speed": "slow",
            "pass": true,
            "fail": false,
            "pending": false,
            "code": "I.amOnPage('/users/user/login');\nI.fillField('#LoginForm_account', 'test');\nI.fillField('#LoginForm_password', 'test');\nI.click('.btn');\nI.seeElement('.sedmax-page-wrap');",
            "err": {},
            "isRoot": false,
            "uuid": "22933650-b44c-44a8-b052-7a1757f83972",
            "isHook": false,
            "skipped": false
          },
          {
            "title": "Ошибка авторизации",
            "fullTitle": "Авторизация в системе: Ошибка авторизации",
            "timedOut": false,
            "duration": 6943,
            "state": "passed",
            "speed": "slow",
            "pass": true,
            "fail": false,
            "pending": false,
            "code": "I.amOnPage('/users/user/login');\nI.fillField('#LoginForm_account', 'test');\nI.fillField('#LoginForm_password', 'admin');\nI.click('.btn');\nI.seeElement('.error');",
            "err": {},
            "isRoot": false,
            "uuid": "0e5eb4af-2282-4d9f-8bc3-f4a9fd0aa37a",
            "isHook": false,
            "skipped": false
          },
          {
            "title": "Error login2",
            "fullTitle": "Авторизация в системе: Error login2",
            "timedOut": false,
            "duration": 5945,
            "state": "passed",
            "speed": "slow",
            "pass": true,
            "fail": false,
            "pending": false,
            "code": "I.amOnPage('/users/user/login');\nI.fillField('#LoginForm_account', 'admin');\nI.fillField('#LoginForm_password', 'test');\nI.click('.btn');\nI.seeElement('.error');",
            "err": {},
            "isRoot": false,
            "uuid": "a81f22b2-a9a2-4712-a6e2-d62a1a74cc64",
            "isHook": false,
            "skipped": false
          }
        ],
        "suites": [],
        "passes": [
          "22933650-b44c-44a8-b052-7a1757f83972",
          "0e5eb4af-2282-4d9f-8bc3-f4a9fd0aa37a",
          "a81f22b2-a9a2-4712-a6e2-d62a1a74cc64"
        ],
        "failures": [],
        "pending": [],
        "skipped": [],
        "duration": 21186,
        "root": false,
        "rootEmpty": false,
        "_timeout": 0
      }
    ],
    "passes": [],
    "failures": [],
    "pending": [],
    "skipped": [],
    "duration": 0,
    "root": true,
    "rootEmpty": true,
    "_timeout": 0
  },
  "copyrightYear": 2018
}